Performing C SOURCE FILE Test CMAKE_HAVE_LIBC_PTHREAD failed with the following output:
Change Dir: /home/minhquanym/Workspace/UET/Graphic/hw_5_6_7/build/CMakeFiles/CMakeTmp

Run Build Command(s):/usr/bin/make cmTC_afb78/fast && /usr/bin/make -f CMakeFiles/cmTC_afb78.dir/build.make CMakeFiles/cmTC_afb78.dir/build
make[1]: Entering directory '/home/minhquanym/Workspace/UET/Graphic/hw_5_6_7/build/CMakeFiles/CMakeTmp'
Building C object CMakeFiles/cmTC_afb78.dir/src.c.o
/usr/bin/cc   -DCMAKE_HAVE_LIBC_PTHREAD   -o CMakeFiles/cmTC_afb78.dir/src.c.o   -c /home/minhquanym/Workspace/UET/Graphic/hw_5_6_7/build/CMakeFiles/CMakeTmp/src.c
Linking C executable cmTC_afb78
/usr/bin/cmake -E cmake_link_script CMakeFiles/cmTC_afb78.dir/link.txt --verbose=1
/usr/bin/cc  -DCMAKE_HAVE_LIBC_PTHREAD    -rdynamic CMakeFiles/cmTC_afb78.dir/src.c.o  -o cmTC_afb78 
/usr/bin/ld: CMakeFiles/cmTC_afb78.dir/src.c.o: in function `main':
src.c:(.text+0x3e): undefined reference to `pthread_create'
/usr/bin/ld: src.c:(.text+0x4a): undefined reference to `pthread_detach'
/usr/bin/ld: src.c:(.text+0x5b): undefined reference to `pthread_join'
collect2: error: ld returned 1 exit status
make[1]: *** [CMakeFiles/cmTC_afb78.dir/build.make:87: cmTC_afb78] Error 1
make[1]: Leaving directory '/home/minhquanym/Workspace/UET/Graphic/hw_5_6_7/build/CMakeFiles/CMakeTmp'
make: *** [Makefile:121: cmTC_afb78/fast] Error 2


Source file was:
#include <pthread.h>

void* test_func(void* data)
{
  return data;
}

int main(void)
{
  pthread_t thread;
  pthread_create(&thread, NULL, test_func, NULL);
  pthread_detach(thread);
  pthread_join(thread, NULL);
  pthread_atfork(NULL, NULL, NULL);
  pthread_exit(NULL);

  return 0;
}

Determining if the function pthread_create exists in the pthreads failed with the following output:
Change Dir: /home/minhquanym/Workspace/UET/Graphic/hw_5_6_7/build/CMakeFiles/CMakeTmp

Run Build Command(s):/usr/bin/make cmTC_ee22e/fast && /usr/bin/make -f CMakeFiles/cmTC_ee22e.dir/build.make CMakeFiles/cmTC_ee22e.dir/build
make[1]: Entering directory '/home/minhquanym/Workspace/UET/Graphic/hw_5_6_7/build/CMakeFiles/CMakeTmp'
Building C object CMakeFiles/cmTC_ee22e.dir/CheckFunctionExists.c.o
/usr/bin/cc   -DCHECK_FUNCTION_EXISTS=pthread_create   -o CMakeFiles/cmTC_ee22e.dir/CheckFunctionExists.c.o   -c /usr/share/cmake-3.16/Modules/CheckFunctionExists.c
Linking C executable cmTC_ee22e
/usr/bin/cmake -E cmake_link_script CMakeFiles/cmTC_ee22e.dir/link.txt --verbose=1
/usr/bin/cc  -DCHECK_FUNCTION_EXISTS=pthread_create    -rdynamic CMakeFiles/cmTC_ee22e.dir/CheckFunctionExists.c.o  -o cmTC_ee22e  -lpthreads 
/usr/bin/ld: cannot find -lpthreads
collect2: error: ld returned 1 exit status
make[1]: *** [CMakeFiles/cmTC_ee22e.dir/build.make:87: cmTC_ee22e] Error 1
make[1]: Leaving directory '/home/minhquanym/Workspace/UET/Graphic/hw_5_6_7/build/CMakeFiles/CMakeTmp'
make: *** [Makefile:121: cmTC_ee22e/fast] Error 2



Determining if the function glXGetProcAddressEXT exists failed with the following output:
Change Dir: /home/minhquanym/Workspace/UET/Graphic/hw_5_6_7/build/CMakeFiles/CMakeTmp

Run Build Command(s):/usr/bin/make cmTC_5b296/fast && /usr/bin/make -f CMakeFiles/cmTC_5b296.dir/build.make CMakeFiles/cmTC_5b296.dir/build
make[1]: Entering directory '/home/minhquanym/Workspace/UET/Graphic/hw_5_6_7/build/CMakeFiles/CMakeTmp'
Building C object CMakeFiles/cmTC_5b296.dir/CheckFunctionExists.c.o
/usr/bin/cc   -DCHECK_FUNCTION_EXISTS=glXGetProcAddressEXT   -o CMakeFiles/cmTC_5b296.dir/CheckFunctionExists.c.o   -c /usr/share/cmake-3.16/Modules/CheckFunctionExists.c
Linking C executable cmTC_5b296
/usr/bin/cmake -E cmake_link_script CMakeFiles/cmTC_5b296.dir/link.txt --verbose=1
/usr/bin/cc  -DCHECK_FUNCTION_EXISTS=glXGetProcAddressEXT    -rdynamic CMakeFiles/cmTC_5b296.dir/CheckFunctionExists.c.o  -o cmTC_5b296  /usr/lib/x86_64-linux-gnu/libGL.so 
/usr/bin/ld: CMakeFiles/cmTC_5b296.dir/CheckFunctionExists.c.o: in function `main':
CheckFunctionExists.c:(.text+0x10): undefined reference to `glXGetProcAddressEXT'
collect2: error: ld returned 1 exit status
make[1]: *** [CMakeFiles/cmTC_5b296.dir/build.make:88: cmTC_5b296] Error 1
make[1]: Leaving directory '/home/minhquanym/Workspace/UET/Graphic/hw_5_6_7/build/CMakeFiles/CMakeTmp'
make: *** [Makefile:121: cmTC_5b296/fast] Error 2



